     1                                 %line 1+1 ast06mn.asm
     2                                 
     3                                 
     4                                 
     5                                 
     6                                 
     7                                 
     8                                 
     9                                 
    10                                 
    11                                 
    12                                 
    13                                 
    14                                 
    15                                 
    16                                 
    17                                 
    18                                 
    19                                 
    20                                 
    21                                 
    22                                 
    23                                 
    24                                 
    25                                 
    26                                 
    27                                 
    28                                 
    29                                 
    30                                 
    31                                 %line 87+1 ast06mn.asm
    32                                 
    33                                 
    34                                 
    35                                 
    36                                 
    37                                 
    38                                 
    39                                 
    40                                 
    41                                 
    42                                 
    43                                 
    44                                 
    45                                 
    46                                 
    47                                 %line 208+1 ast06mn.asm
    48                                 
    49                                 
    50                                 
    51                                 
    52                                 
    53                                 
    54                                 
    55                                 
    56                                 
    57                                 
    58                                 
    59                                 %line 247+1 ast06mn.asm
    60                                 
    61                                 
    62                                 
    63                                 [section .data]
    64                                 
    65                                 
    66                                 
    67                                 
    68                                 TRUE equ 1
    69                                 FALSE equ 0
    70                                 
    71                                 SUCCESS equ 0
    72                                 NOSUCCESS equ 1
    73                                 
    74                                 STDIN equ 0
    75                                 STDOUT equ 1
    76                                 STDERR equ 2
    77                                 
    78                                 SYS_read equ 0
    79                                 SYS_write equ 1
    80                                 SYS_open equ 2
    81                                 SYS_close equ 3
    82                                 SYS_fork equ 57
    83                                 SYS_exit equ 60
    84                                 SYS_creat equ 85
    85                                 SYS_time equ 201
    86                                 
    87                                 LF equ 10
    88                                 SPACE equ " "
    89                                 NULL equ 0
    90                                 ESC equ 27
    91                                 
    92                                 
    93                                 
    94                                 
    95                                 MAX_STR_SIZE equ 10
    96                                 NUMS_PER_LINE equ 5
    97                                 MAX_STR_LENGTH equ 20
    98                                 
    99 00000000 0A00                   newline db LF, NULL
   100                                 
   101                                 
   102                                 
   103                                 
   104 00000002 2D2D2D2D2D2D2D2D2D-    hdr1 db "--------------------------------------------"
   105 00000002 2D2D2D2D2D2D2D2D2D-
   106 00000002 2D2D2D2D2D2D2D2D2D-
   107 00000002 2D2D2D2D2D2D2D2D2D-
   108 00000002 2D2D2D2D2D2D2D2D   
   109 0000002E 0A435320323138202D-     db LF, "CS 218 - Assignment #6", LF
   110 0000002E 2041737369676E6D65-
   111 0000002E 6E742023360A       
   112 00000046 0A00                    db LF, NULL
   113 00000048 0A0A2D2D2D2D2D2D2D-    hdr2 db LF, LF, "----------------------"
   114 00000048 2D2D2D2D2D2D2D2D2D-
   115 00000048 2D2D2D2D2D2D       
   116 00000060 0A4C6973742053756D-     db LF, "List Sums"
   117 00000060 73                 
   118 0000006A 0A00                    db LF, NULL
   119                                 
   120 0000006C 2D2D2D2D2D2D2D2D2D-    firstNum db "----------------------", LF
   121 0000006C 2D2D2D2D2D2D2D2D2D-
   122 0000006C 2D2D2D2D0A         
   123 00000083 54657374204E756D62-     db "Test Number (base-13):     ", NULL
   124 00000083 65722028626173652D-
   125 00000083 3133293A2020202020-
   126 00000083 00                 
   127 0000009F 54657374204E756D62-    firstNumMul db "Test Number * 4 (base-13): ", NULL
   128 0000009F 6572202A2034202862-
   129 0000009F 6173652D3133293A20-
   130 0000009F 00                 
   131                                 
   132 000000BB 0A4C6973742053756D-    lstSum1 db LF, "List Sum (short list):"
   133 000000BB 202873686F7274206C-
   134 000000BB 697374293A         
   135 000000D2 0A00                    db LF, NULL
   136 000000D4 0A4C6973742053756D-    lstSum2 db LF, "List Sum (long list):"
   137 000000D4 20286C6F6E67206C69-
   138 000000D4 7374293A           
   139 000000EA 0A00                    db LF, NULL
   140                                 
   141                                 
   142                                 
   143                                 
   144 000000EC 0D000000               weight dd 13
   145 000000F0 0A000000               ddTen dd 10
   146                                 
   147                                 
   148                                 
   149                                 
   150                                 
   151 000000F4 202020203132613442-    dStr1 db "    12a4B", NULL
   152 000000F4 00                 
   153 000000FE 00000000               iNum1 dd 0
   154                                 
   155 00000102 202020202031613943-    dStrLst1 db "     1a9C", NULL, "      3Ab", NULL, "    1cA92", NULL
   156 00000102 002020202020203341-
   157 00000102 620020202020316341-
   158 00000102 393200             
   159 00000120 202020203832624163-     db "    82bAc", NULL, "      bac", NULL
   160 00000120 002020202020206261-
   161 00000120 6300               
   162 00000134 05000000               len1 dd 5
   163 00000138 00000000               sum1 dd 0
   164                                 
   165 0000013C 202020202020334138-    dStrLst2 db "      3A8", NULL, "    A6791", NULL, "    193b0", NULL
   166 0000013C 002020202041363739-
   167 0000013C 310020202020313933-
   168 0000013C 623000             
   169 0000015A 202020203235306230-     db "    250b0", NULL, "   a13081", NULL, "    14b21", NULL
   170 0000015A 002020206131333038-
   171 0000015A 310020202020313462-
   172 0000015A 323100             
   173 00000178 202020203232344132-     db "    224A2", NULL, "    11010", NULL, "    11201", NULL
   174 00000178 002020202031313031-
   175 00000178 300020202020313132-
   176 00000178 303100             
   177 00000196 202020202031304330-     db "     10C0", NULL, "        B", NULL, "       c6", NULL
   178 00000196 002020202020202020-
   179 00000196 420020202020202020-
   180 00000196 633600             
   181 000001B4 202020202020376231-     db "      7b1", NULL, "     C009", NULL, "    19a45", NULL
   182 000001B4 002020202020433030-
   183 000001B4 390020202020313961-
   184 000001B4 343500             
   185 000001D2 202020203135353537-     db "    15557", NULL, "     23a9", NULL, "    189c0", NULL
   186 000001D2 002020202020323361-
   187 000001D2 390020202020313839-
   188 000001D2 633000             
   189 000001F0 202020204131326134-     db "    A12a4", NULL, "    11c11", NULL, "    12a2c", NULL
   190 000001F0 002020202031316331-
   191 000001F0 310020202020313261-
   192 000001F0 326300             
   193 0000020E 202020203131423932-     db "    11B92", NULL, "    15a10", NULL, "    1b667", NULL
   194 0000020E 002020202031356131-
   195 0000020E 300020202020316236-
   196 0000020E 363700             
   197 0000022C 202020202042373236-     db "     B726", NULL, "     B312", NULL, "      420", NULL
   198 0000022C 002020202020423331-
   199 0000022C 320020202020202034-
   200 0000022C 323000             
   201 0000024A 202020202035354332-     db "     55C2", NULL, "    26516", NULL, "     5182", NULL
   202 0000024A 002020202032363531-
   203 0000024A 360020202020203531-
   204 0000024A 383200             
   205 00000268 202020202020313932-     db "      192", NULL, "    21a44", NULL, "     18c4", NULL
   206 00000268 002020202032316134-
   207 00000268 340020202020203138-
   208 00000268 633400             
   209 00000286 202020202037396136-     db "     79a6", NULL, "    24c12", NULL, "     a231", NULL
   210 00000286 002020202032346331-
   211 00000286 320020202020206132-
   212 00000286 333100             
   213 000002A4 202020202039374235-     db "     97B5", NULL, "    17312", NULL, "      812", NULL
   214 000002A4 002020202031373331-
   215 000002A4 320020202020202038-
   216 000002A4 313200             
   217 000002C2 202020202020376334-     db "      7c4", NULL, "    123A4", NULL, "    278b1", NULL
   218 000002C2 002020202031323341-
   219 000002C2 340020202020323738-
   220 000002C2 623100             
   221 000002E0 202020202020202037-     db "        7", NULL, "        c", NULL, "    B1512", NULL
   222 000002E0 002020202020202020-
   223 000002E0 630020202020423135-
   224 000002E0 313200             
   225 000002FE 202020202037633532-     db "     7c52", NULL, "    11b44", NULL, "    10134", NULL
   226 000002FE 002020202031316234-
   227 000002FE 340020202020313031-
   228 000002FE 333400             
   229 0000031C 202020202037613634-     db "     7a64", NULL, "     4b71", NULL, "     2c44", NULL
   230 0000031C 002020202020346237-
   231 0000031C 310020202020203263-
   232 0000031C 343400             
   233 0000033A 202020202020326234-     db "      2b4", NULL, "    112c2", NULL, "    11aa5", NULL
   234 0000033A 002020202031313263-
   235 0000033A 320020202020313161-
   236 0000033A 613500             
   237 00000358 202020202032303132-     db "     2012", NULL, "    22a30", NULL, "     7164", NULL
   238 00000358 002020202032326133-
   239 00000358 300020202020203731-
   240 00000358 363400             
   241 00000376 202020202031303637-     db "     1067", NULL, "    117b1", NULL, "    21000", NULL
   242 00000376 002020202031313762-
   243 00000376 310020202020323130-
   244 00000376 303000             
   245 00000394 202020202032623734-     db "     2b74", NULL, "     2127", NULL, "    23212", NULL
   246 00000394 002020202020323132-
   247 00000394 370020202020323332-
   248 00000394 313200             
   249 000003B2 202020202020313137-     db "      117", NULL, "    20c63", NULL, "    b2112", NULL
   250 000003B2 002020202032306336-
   251 000003B2 330020202020623231-
   252 000003B2 313200             
   253 000003D0 202020203131433435-     db "    11C45", NULL, "    11064", NULL, "    11B21", NULL
   254 000003D0 002020202031313036-
   255 000003D0 340020202020313142-
   256 000003D0 323100             
   257 000003EE 202020203236306130-     db "    260a0", NULL, "    23A75", NULL, "    c3725", NULL
   258 000003EE 002020202032334137-
   259 000003EE 350020202020633337-
   260 000003EE 323500             
   261 0000040C 202020202033413130-     db "     3A10", NULL, "      120", NULL, "    13332", NULL
   262 0000040C 002020202020203132-
   263 0000040C 300020202020313333-
   264 0000040C 333200             
   265 0000042A 202020203130433232-     db "    10C22", NULL, "     7B60", NULL, "    a2313", NULL
   266 0000042A 002020202020374236-
   267 0000042A 300020202020613233-
   268 0000042A 313300             
   269 00000448 202020203131633630-     db "    11c60", NULL, "     4312", NULL, "    17b65", NULL
   270 00000448 002020202020343331-
   271 00000448 320020202020313762-
   272 00000448 363500             
   273 00000466 202020203233323431-     db "    23241", NULL, "    27C31", NULL, "      730", NULL
   274 00000466 002020202032374333-
   275 00000466 310020202020202037-
   276 00000466 333000             
   277 00000484 202020202034333133-     db "     4313", NULL, "    30233", NULL, "    13657", NULL
   278 00000484 002020202033303233-
   279 00000484 330020202020313336-
   280 00000484 353700             
   281 000004A2 202020203331313133-     db "    31113", NULL, "     1661", NULL, "    11312", NULL
   282 000004A2 002020202020313636-
   283 000004A2 310020202020313133-
   284 000004A2 313200             
   285 000004C0 202020203137413535-     db "    17A55", NULL, "    12241", NULL, "    13C31", NULL
   286 000004C0 002020202031323234-
   287 000004C0 310020202020313343-
   288 000004C0 333100             
   289 000004DE 202020202033323730-     db "     3270", NULL, "     7a53", NULL, "    15127", NULL
   290 000004DE 002020202020376135-
   291 000004DE 330020202020313531-
   292 000004DE 323700             
   293 000004FC 202020202020204135-     db "       A5", NULL, "    7a3b1", NULL, "   AbCaBc", NULL
   294 000004FC 002020202037613362-
   295 000004FC 310020202041624361-
   296 000004FC 426300             
   297 0000051A 202020202031623963-     db "     1b9c", NULL
   298 0000051A 00                 
   299 00000524 64000000               len2 dd 100
   300 00000528 00000000               sum2 dd 0
   301                                 
   302                                 
   303                                 
   304                                 
   305                                 [section .bss]
   306                                 
   307 00000000 <gap>                  num1String resb MAX_STR_SIZE
   308 0000000A <gap>                  tempString resb MAX_STR_SIZE
   309 00000014 <gap>                  tempNum resd 1
   310                                 
   311                                 
   312                                 
   313                                 
   314                                 [section .text]
   315                                 [global _start]
   316                                 _start:
   317                                 
   318                                 
   319                                 
   320                                 
   321                                 
   322                                 
   323                                 
   324                                 
   325                                 
   326                                 
   327                                 
   328                                 
   329                                 
   330                                 
   331 00000000 50                      push rax
   332                                 %line 391+0 ast06mn.asm
   333 00000001 57                      push rdi
   334 00000002 56                      push rsi
   335 00000003 52                      push rdx
   336 00000004 51                      push rcx
   337                                 
   338 00000005 48C7C200000000          mov rdx, 0
   339 0000000C 48C7C7[00000000]        mov rdi, hdr1
   340                                 ..@4.countLoop:
   341 00000013 803F00                  cmp byte [rdi], NULL
   342 00000016 7406                    je ..@4.countLoopDone
   343 00000018 48FFC7                  inc rdi
   344 0000001B 48FFC2                  inc rdx
   345 0000001E EBF1                    jmp ..@4.countLoop
   346                                 ..@4.countLoopDone:
   347                                 
   348 00000020 48C7C001000000          mov rax, SYS_write
   349 00000027 48C7C701000000          mov rdi, STDOUT
   350 0000002E 48C7C6[00000000]        mov rsi, hdr1
   351 00000035 0F05                    syscall
   352                                 
   353 00000037 59                      pop rcx
   354 00000038 5A                      pop rdx
   355 00000039 5E                      pop rsi
   356 0000003A 5F                      pop rdi
   357 0000003B 58                      pop rax
   358                                 %line 392+1 ast06mn.asm
   359 0000003C 50                      push rax
   360                                 %line 392+0 ast06mn.asm
   361 0000003D 57                      push rdi
   362 0000003E 56                      push rsi
   363 0000003F 52                      push rdx
   364 00000040 51                      push rcx
   365                                 
   366 00000041 48C7C200000000          mov rdx, 0
   367 00000048 48C7C7[00000000]        mov rdi, firstNum
   368                                 ..@5.countLoop:
   369 0000004F 803F00                  cmp byte [rdi], NULL
   370 00000052 7406                    je ..@5.countLoopDone
   371 00000054 48FFC7                  inc rdi
   372 00000057 48FFC2                  inc rdx
   373 0000005A EBF1                    jmp ..@5.countLoop
   374                                 ..@5.countLoopDone:
   375                                 
   376 0000005C 48C7C001000000          mov rax, SYS_write
   377 00000063 48C7C701000000          mov rdi, STDOUT
   378 0000006A 48C7C6[00000000]        mov rsi, firstNum
   379 00000071 0F05                    syscall
   380                                 
   381 00000073 59                      pop rcx
   382 00000074 5A                      pop rdx
   383 00000075 5E                      pop rsi
   384 00000076 5F                      pop rdi
   385 00000077 58                      pop rax
   386                                 %line 393+1 ast06mn.asm
   387 00000078 50                      push rax
   388                                 %line 393+0 ast06mn.asm
   389 00000079 57                      push rdi
   390 0000007A 56                      push rsi
   391 0000007B 52                      push rdx
   392 0000007C 51                      push rcx
   393                                 
   394 0000007D 48C7C200000000          mov rdx, 0
   395 00000084 48C7C7[00000000]        mov rdi, dStr1
   396                                 ..@6.countLoop:
   397 0000008B 803F00                  cmp byte [rdi], NULL
   398 0000008E 7406                    je ..@6.countLoopDone
   399 00000090 48FFC7                  inc rdi
   400 00000093 48FFC2                  inc rdx
   401 00000096 EBF1                    jmp ..@6.countLoop
   402                                 ..@6.countLoopDone:
   403                                 
   404 00000098 48C7C001000000          mov rax, SYS_write
   405 0000009F 48C7C701000000          mov rdi, STDOUT
   406 000000A6 48C7C6[00000000]        mov rsi, dStr1
   407 000000AD 0F05                    syscall
   408                                 
   409 000000AF 59                      pop rcx
   410 000000B0 5A                      pop rdx
   411 000000B1 5E                      pop rsi
   412 000000B2 5F                      pop rdi
   413 000000B3 58                      pop rax
   414                                 %line 394+1 ast06mn.asm
   415 000000B4 50                      push rax
   416                                 %line 394+0 ast06mn.asm
   417 000000B5 57                      push rdi
   418 000000B6 56                      push rsi
   419 000000B7 52                      push rdx
   420 000000B8 51                      push rcx
   421                                 
   422 000000B9 48C7C200000000          mov rdx, 0
   423 000000C0 48C7C7[00000000]        mov rdi, newline
   424                                 ..@7.countLoop:
   425 000000C7 803F00                  cmp byte [rdi], NULL
   426 000000CA 7406                    je ..@7.countLoopDone
   427 000000CC 48FFC7                  inc rdi
   428 000000CF 48FFC2                  inc rdx
   429 000000D2 EBF1                    jmp ..@7.countLoop
   430                                 ..@7.countLoopDone:
   431                                 
   432 000000D4 48C7C001000000          mov rax, SYS_write
   433 000000DB 48C7C701000000          mov rdi, STDOUT
   434 000000E2 48C7C6[00000000]        mov rsi, newline
   435 000000E9 0F05                    syscall
   436                                 
   437 000000EB 59                      pop rcx
   438 000000EC 5A                      pop rdx
   439 000000ED 5E                      pop rsi
   440 000000EE 5F                      pop rdi
   441 000000EF 58                      pop rax
   442                                 %line 395+1 ast06mn.asm
   443                                 
   444                                 
   445                                 
   446                                 
   447                                 
   448                                 
   449                                 
   450                                 
   451                                 
   452                                 
   453                                 tri2intStart:
   454 000000F0 48C7C3[00000000]        mov rbx, dStr1
   455 000000F7 48C7C000000000          mov rax, 0
   456 000000FE 48C7C600000000          mov rsi, 0
   457 00000105 49C7C000000000          mov r8, 0
   458                                 
   459                                 
   460                                 spaceLp:
   461 0000010C 8A0433                  mov al, byte [rbx + rsi]
   462 0000010F 48FFC6                  inc rsi
   463 00000112 3C20                    cmp al, " "
   464 00000114 74F4                    je spaceLp
   465 00000116 48FFCE                  dec rsi
   466 00000119 48C7C000000000          mov rax, 0
   467                                 
   468                                 tri2intConvert:
   469 00000120 49C7C700000000          mov r15, 0
   470 00000127 448A3C33                mov r15b, byte [rbx + rsi]
   471 0000012B 4180FF00                cmp r15b, NULL
   472 0000012F 743B                    je tri2intConvertDone
   473                                 
   474 00000131 448B0C25[00000000]      mov r9d, dword [weight]
   475 00000139 4C89C0                  mov rax, r8
   476 0000013C 41F7E1                  mul r9d
   477 0000013F 4989C0                  mov r8, rax
   478                                 
   479                                 
   480 00000142 4180FF61                cmp r15b, "a"
   481 00000146 730A                    jae lCase
   482 00000148 4180FF41                cmp r15b, "A"
   483 0000014C 730E                    jae uCase
   484 0000014E 4180EF30                sub r15b, "0"
   485 00000152 EB10                    jmp charConvertDone
   486                                 
   487                                 lCase:
   488 00000154 4180EF61                sub r15b, "a"
   489 00000158 4180C70A                add r15b, 10
   490 0000015C EB06                    jmp charConvertDone
   491                                 
   492                                 uCase:
   493 0000015E 4180EF41                sub r15b, "A"
   494 00000162 4180C70A                add r15b, 10
   495                                 
   496                                 charConvertDone:
   497 00000166 4D01F8                  add r8, r15
   498 00000169 48FFC6                  inc rsi
   499 0000016C EBB0                    jmp tri2intConvert
   500                                 
   501                                 tri2intConvertDone:
   502 0000016E 44890425[00000000]      mov dword [iNum1], r8d
   503                                 
   504                                 
   505                                 
   506                                 
   507                                 
   508                                 
   509                                 
   510 00000176 8B0425[00000000]        mov eax, dword [iNum1]
   511 0000017D BB04000000              mov ebx, 4
   512 00000182 F7E3                    mul ebx
   513 00000184 890425[00000000]        mov dword [iNum1], eax
   514                                 
   515                                 
   516                                 
   517                                 
   518                                 
   519                                 
   520                                 
   521                                 
   522                                 
   523                                 
   524                                 int2triStart:
   525 0000018B 48C7C000000000          mov rax, 0
   526 00000192 48C7C600000000          mov rsi, 0
   527 00000199 48C7C100000000          mov rcx, 0
   528                                 
   529 000001A0 8B0425[00000000]        mov eax, dword [iNum1]
   530                                 
   531                                 int2triConvert:
   532 000001A7 83F800                  cmp eax, 0
   533 000001AA 7416                    je int2triConvertDone
   534                                 
   535 000001AC 48C7C200000000          mov rdx, 0
   536 000001B3 448B0C25[00000000]      mov r9d, dword [weight]
   537 000001BB 41F7F1                  div r9d
   538                                 
   539 000001BE 52                      push rdx
   540 000001BF 48FFC1                  inc rcx
   541 000001C2 EBE1                    jmp int2triConvert
   542                                 
   543                                 int2triConvertDone:
   544 000001C4 48C7C3[00000000]        mov rbx, num1String
   545 000001CB 49C7C20A000000          mov r10, MAX_STR_SIZE
   546 000001D2 4929CA                  sub r10, rcx
   547 000001D5 49FFCA                  dec r10
   548                                 
   549                                 insertSpaces:
   550 000001D8 4983FA00                cmp r10, 0
   551 000001DC 740A                    je insertSpacesDone
   552 000001DE C6043320                mov byte [rbx + rsi], " "
   553 000001E2 48FFC6                  inc rsi
   554 000001E5 49FFCA                  dec r10
   555 000001E8 EBEC                    jmp insertSpaces
   556                                 
   557                                 insertSpacesDone:
   558 000001EA 58                      pop rax
   559 000001EB 3C0A                    cmp al, 10
   560 000001ED 7C04                    jl zeroNineConvert
   561 000001EF 2C0A                    sub al, 10
   562 000001F1 0441                    add al, "A"
   563 000001F3 EB00                    jmp insertChar
   564                                 
   565                                 zeroNineConvert:
   566 000001F5 0430                    add al, "0"
   567                                 
   568                                 insertChar:
   569 000001F7 880433                  mov byte [rbx + rsi], al
   570 000001FA 48FFC6                  inc rsi
   571 000001FD E2E9                    loop insertSpacesDone
   572                                 
   573 000001FF C6043300                mov byte [rbx + rsi], NULL
   574                                 
   575                                 
   576                                 
   577                                 
   578 00000203 50                      push rax
   579                                 %line 530+0 ast06mn.asm
   580 00000204 57                      push rdi
   581 00000205 56                      push rsi
   582 00000206 52                      push rdx
   583 00000207 51                      push rcx
   584                                 
   585 00000208 48C7C200000000          mov rdx, 0
   586 0000020F 48C7C7[00000000]        mov rdi, firstNumMul
   587                                 ..@8.countLoop:
   588 00000216 803F00                  cmp byte [rdi], NULL
   589 00000219 7406                    je ..@8.countLoopDone
   590 0000021B 48FFC7                  inc rdi
   591 0000021E 48FFC2                  inc rdx
   592 00000221 EBF1                    jmp ..@8.countLoop
   593                                 ..@8.countLoopDone:
   594                                 
   595 00000223 48C7C001000000          mov rax, SYS_write
   596 0000022A 48C7C701000000          mov rdi, STDOUT
   597 00000231 48C7C6[00000000]        mov rsi, firstNumMul
   598 00000238 0F05                    syscall
   599                                 
   600 0000023A 59                      pop rcx
   601 0000023B 5A                      pop rdx
   602 0000023C 5E                      pop rsi
   603 0000023D 5F                      pop rdi
   604 0000023E 58                      pop rax
   605                                 %line 531+1 ast06mn.asm
   606 0000023F 50                      push rax
   607                                 %line 531+0 ast06mn.asm
   608 00000240 57                      push rdi
   609 00000241 56                      push rsi
   610 00000242 52                      push rdx
   611 00000243 51                      push rcx
   612                                 
   613 00000244 48C7C200000000          mov rdx, 0
   614 0000024B 48C7C7[00000000]        mov rdi, num1String
   615                                 ..@9.countLoop:
   616 00000252 803F00                  cmp byte [rdi], NULL
   617 00000255 7406                    je ..@9.countLoopDone
   618 00000257 48FFC7                  inc rdi
   619 0000025A 48FFC2                  inc rdx
   620 0000025D EBF1                    jmp ..@9.countLoop
   621                                 ..@9.countLoopDone:
   622                                 
   623 0000025F 48C7C001000000          mov rax, SYS_write
   624 00000266 48C7C701000000          mov rdi, STDOUT
   625 0000026D 48C7C6[00000000]        mov rsi, num1String
   626 00000274 0F05                    syscall
   627                                 
   628 00000276 59                      pop rcx
   629 00000277 5A                      pop rdx
   630 00000278 5E                      pop rsi
   631 00000279 5F                      pop rdi
   632 0000027A 58                      pop rax
   633                                 %line 532+1 ast06mn.asm
   634                                 
   635                                 
   636                                 
   637                                 
   638 0000027B 50                      push rax
   639                                 %line 536+0 ast06mn.asm
   640 0000027C 57                      push rdi
   641 0000027D 56                      push rsi
   642 0000027E 52                      push rdx
   643 0000027F 51                      push rcx
   644                                 
   645 00000280 48C7C200000000          mov rdx, 0
   646 00000287 48C7C7[00000000]        mov rdi, hdr2
   647                                 ..@10.countLoop:
   648 0000028E 803F00                  cmp byte [rdi], NULL
   649 00000291 7406                    je ..@10.countLoopDone
   650 00000293 48FFC7                  inc rdi
   651 00000296 48FFC2                  inc rdx
   652 00000299 EBF1                    jmp ..@10.countLoop
   653                                 ..@10.countLoopDone:
   654                                 
   655 0000029B 48C7C001000000          mov rax, SYS_write
   656 000002A2 48C7C701000000          mov rdi, STDOUT
   657 000002A9 48C7C6[00000000]        mov rsi, hdr2
   658 000002B0 0F05                    syscall
   659                                 
   660 000002B2 59                      pop rcx
   661 000002B3 5A                      pop rdx
   662 000002B4 5E                      pop rsi
   663 000002B5 5F                      pop rdi
   664 000002B6 58                      pop rax
   665                                 %line 537+1 ast06mn.asm
   666                                 
   667                                 
   668                                 
   669                                 
   670 000002B7 8B0C25[00000000]        mov ecx, dword [len1]
   671 000002BE 48C7C600000000          mov rsi, 0
   672 000002C5 48C7C7[00000000]        mov rdi, dStrLst1
   673                                 
   674                                 cvtLoop1:
   675 000002CC 51                      push rcx
   676 000002CD 57                      push rdi
   677                                 
   678                                 
   679                                 %line 549+0 ast06mn.asm
   680                                 
   681                                 
   682                                 ..@11.tri2intStart:
   683 000002CE 4889FB                  mov rbx, rdi
   684 000002D1 48C7C000000000          mov rax, 0
   685 000002D8 48C7C600000000          mov rsi, 0
   686 000002DF 49C7C000000000          mov r8, 0
   687                                 
   688                                 
   689                                 ..@11.spaceLp:
   690 000002E6 8A0433                  mov al, byte [rbx + rsi]
   691 000002E9 48FFC6                  inc rsi
   692 000002EC 3C20                    cmp al, " "
   693 000002EE 74F4                    je ..@11.spaceLp
   694 000002F0 48FFCE                  dec rsi
   695 000002F3 48C7C000000000          mov rax, 0
   696                                 
   697                                 ..@11.tri2intConvert:
   698 000002FA 49C7C700000000          mov r15, 0
   699 00000301 448A3C33                mov r15b, byte [rbx + rsi]
   700 00000305 4180FF00                cmp r15b, NULL
   701 00000309 743B                    je ..@11.tri2intConvertDone
   702                                 
   703 0000030B 448B0C25[00000000]      mov r9d, dword [weight]
   704 00000313 4C89C0                  mov rax, r8
   705 00000316 41F7E1                  mul r9d
   706 00000319 4989C0                  mov r8, rax
   707                                 
   708                                 
   709 0000031C 4180FF61                cmp r15b, "a"
   710 00000320 730A                    jae ..@11.lCase
   711 00000322 4180FF41                cmp r15b, "A"
   712 00000326 730E                    jae ..@11.uCase
   713 00000328 4180EF30                sub r15b, "0"
   714 0000032C EB10                    jmp ..@11.charConvertDone
   715                                 
   716                                 ..@11.lCase:
   717 0000032E 4180EF61                sub r15b, "a"
   718 00000332 4180C70A                add r15b, 10
   719 00000336 EB06                    jmp ..@11.charConvertDone
   720                                 
   721                                 ..@11.uCase:
   722 00000338 4180EF41                sub r15b, "A"
   723 0000033C 4180C70A                add r15b, 10
   724                                 
   725                                 ..@11.charConvertDone:
   726 00000340 4D01F8                  add r8, r15
   727 00000343 48FFC6                  inc rsi
   728 00000346 EBB0                    jmp ..@11.tri2intConvert
   729                                 
   730                                 ..@11.tri2intConvertDone:
   731 00000348 44890425[00000000]      mov dword [tempNum], r8d
   732                                 
   733                                 
   734                                 %line 550+1 ast06mn.asm
   735                                 
   736 00000350 8B0425[00000000]        mov eax, dword [tempNum]
   737 00000357 010425[00000000]        add dword [sum1], eax
   738                                 
   739 0000035E 4883C70A                add rdi, MAX_STR_SIZE
   740 00000362 5F                      pop rdi
   741                                 
   742 00000363 59                      pop rcx
   743 00000364 48FFC9                  dec rcx
   744 00000367 4883F900                cmp rcx, 0
   745 0000036B 0F8755FFFFFF            ja cvtLoop1
   746                                 
   747 00000371 8B0425[00000000]        mov eax, dword [sum1]
   748                                 
   749                                 %line 563+0 ast06mn.asm
   750                                 
   751                                 
   752                                 
   753                                 
   754                                 
   755                                 
   756                                 
   757                                 
   758                                 
   759                                 
   760                                 
   761                                 
   762                                 
   763                                 
   764                                 
   765                                 
   766                                 
   767                                 
   768                                 
   769                                 
   770                                 
   771                                 
   772                                 
   773                                 
   774                                 
   775                                 
   776                                 
   777                                 
   778                                 
   779                                 
   780                                 
   781                                 
   782                                 
   783                                 
   784                                 
   785                                 
   786                                 
   787                                 
   788                                 
   789                                 
   790                                 
   791                                 
   792                                 
   793                                 
   794                                 
   795                                 
   796                                 
   797                                 
   798                                 
   799                                 
   800                                 
   801                                 
   802                                 
   803                                 
   804                                 
   805 00000378 B90A000000              mov ecx, MAX_STR_SIZE
   806 0000037D FFC9                    dec ecx
   807                                 
   808 0000037F 48C7C3[00000000]        mov rbx, tempString
   809 00000386 C6040B00                mov byte[rbx + rcx], NULL
   810                                 
   811 0000038A FFC9                    dec ecx
   812                                 
   813 0000038C 89C0                    mov eax, eax
   814                                 
   815                                 ..@12.convertInt:
   816                                 
   817 0000038E BA00000000              mov edx, 0
   818 00000393 F73425[00000000]        div dword[weight]
   819                                 
   820 0000039A 83FA09                  cmp edx, 9
   821 0000039D 7600                    jbe ..@12.lessNine
   822 0000039F EB08                    jmp ..@12.skpLN
   823                                 ..@12.lessNine:
   824                                 
   825 000003A1 83C230                  add edx, 0x30
   826 000003A4 88140B                  mov byte[rbx + rcx], dl
   827 000003A7 FFC9                    dec ecx
   828 000003A9 EB14                    jmp ..@12.checkDone
   829                                 
   830                                 ..@12.skpLN:
   831 000003AB 83FA0C                  cmp edx, 12
   832 000003AE 7600                    jbe ..@12.lessTwelve
   833 000003B0 EB0D                    jmp ..@12.checkDone
   834                                 ..@12.lessTwelve:
   835                                 
   836 000003B2 2B1425[00000000]        sub edx, dword[ddTen]
   837 000003B9 83C241                  add edx, 0x41
   838 000003BC 88140B                  mov byte[rbx + rcx], dl
   839 000003BF FFC9                    dec ecx
   840                                 
   841                                 ..@12.checkDone:
   842 000003C1 83F800                  cmp eax, 0
   843 000003C4 75C6                    jne ..@12.convertInt
   844                                 ..@12.fillSpace:
   845                                 
   846 000003C6 C6040B20                mov byte[rbx + rcx], SPACE
   847 000003CA FFC9                    dec ecx
   848 000003CC 83F900                  cmp ecx, 0
   849 000003CF 75F3                    jne ..@12.fillSpace
   850 000003D1 C6040B20                mov byte[rbx + rcx], SPACE
   851                                 
   852                                 
   853                                 %line 564+1 ast06mn.asm
   854                                 
   855 000003D5 50                      push rax
   856                                 %line 565+0 ast06mn.asm
   857 000003D6 57                      push rdi
   858 000003D7 56                      push rsi
   859 000003D8 52                      push rdx
   860 000003D9 51                      push rcx
   861                                 
   862 000003DA 48C7C200000000          mov rdx, 0
   863 000003E1 48C7C7[00000000]        mov rdi, lstSum1
   864                                 ..@13.countLoop:
   865 000003E8 803F00                  cmp byte [rdi], NULL
   866 000003EB 7406                    je ..@13.countLoopDone
   867 000003ED 48FFC7                  inc rdi
   868 000003F0 48FFC2                  inc rdx
   869 000003F3 EBF1                    jmp ..@13.countLoop
   870                                 ..@13.countLoopDone:
   871                                 
   872 000003F5 48C7C001000000          mov rax, SYS_write
   873 000003FC 48C7C701000000          mov rdi, STDOUT
   874 00000403 48C7C6[00000000]        mov rsi, lstSum1
   875 0000040A 0F05                    syscall
   876                                 
   877 0000040C 59                      pop rcx
   878 0000040D 5A                      pop rdx
   879 0000040E 5E                      pop rsi
   880 0000040F 5F                      pop rdi
   881 00000410 58                      pop rax
   882                                 %line 566+1 ast06mn.asm
   883 00000411 50                      push rax
   884                                 %line 566+0 ast06mn.asm
   885 00000412 57                      push rdi
   886 00000413 56                      push rsi
   887 00000414 52                      push rdx
   888 00000415 51                      push rcx
   889                                 
   890 00000416 48C7C200000000          mov rdx, 0
   891 0000041D 48C7C7[00000000]        mov rdi, tempString
   892                                 ..@14.countLoop:
   893 00000424 803F00                  cmp byte [rdi], NULL
   894 00000427 7406                    je ..@14.countLoopDone
   895 00000429 48FFC7                  inc rdi
   896 0000042C 48FFC2                  inc rdx
   897 0000042F EBF1                    jmp ..@14.countLoop
   898                                 ..@14.countLoopDone:
   899                                 
   900 00000431 48C7C001000000          mov rax, SYS_write
   901 00000438 48C7C701000000          mov rdi, STDOUT
   902 0000043F 48C7C6[00000000]        mov rsi, tempString
   903 00000446 0F05                    syscall
   904                                 
   905 00000448 59                      pop rcx
   906 00000449 5A                      pop rdx
   907 0000044A 5E                      pop rsi
   908 0000044B 5F                      pop rdi
   909 0000044C 58                      pop rax
   910                                 %line 567+1 ast06mn.asm
   911 0000044D 50                      push rax
   912                                 %line 567+0 ast06mn.asm
   913 0000044E 57                      push rdi
   914 0000044F 56                      push rsi
   915 00000450 52                      push rdx
   916 00000451 51                      push rcx
   917                                 
   918 00000452 48C7C200000000          mov rdx, 0
   919 00000459 48C7C7[00000000]        mov rdi, newline
   920                                 ..@15.countLoop:
   921 00000460 803F00                  cmp byte [rdi], NULL
   922 00000463 7406                    je ..@15.countLoopDone
   923 00000465 48FFC7                  inc rdi
   924 00000468 48FFC2                  inc rdx
   925 0000046B EBF1                    jmp ..@15.countLoop
   926                                 ..@15.countLoopDone:
   927                                 
   928 0000046D 48C7C001000000          mov rax, SYS_write
   929 00000474 48C7C701000000          mov rdi, STDOUT
   930 0000047B 48C7C6[00000000]        mov rsi, newline
   931 00000482 0F05                    syscall
   932                                 
   933 00000484 59                      pop rcx
   934 00000485 5A                      pop rdx
   935 00000486 5E                      pop rsi
   936 00000487 5F                      pop rdi
   937 00000488 58                      pop rax
   938                                 %line 568+1 ast06mn.asm
   939                                 
   940                                 
   941                                 
   942                                 
   943 00000489 488B0C25[00000000]      mov rcx, [len2]
   944 00000491 48C7C600000000          mov rsi, 0
   945 00000498 48C7C7[00000000]        mov rdi, dStrLst2
   946                                 
   947                                 cvtLoop2:
   948 0000049F 51                      push rcx
   949 000004A0 57                      push rdi
   950                                 
   951                                 
   952                                 %line 580+0 ast06mn.asm
   953                                 
   954                                 
   955                                 ..@16.tri2intStart:
   956 000004A1 4889FB                  mov rbx, rdi
   957 000004A4 48C7C000000000          mov rax, 0
   958 000004AB 48C7C600000000          mov rsi, 0
   959 000004B2 49C7C000000000          mov r8, 0
   960                                 
   961                                 
   962                                 ..@16.spaceLp:
   963 000004B9 8A0433                  mov al, byte [rbx + rsi]
   964 000004BC 48FFC6                  inc rsi
   965 000004BF 3C20                    cmp al, " "
   966 000004C1 74F4                    je ..@16.spaceLp
   967 000004C3 48FFCE                  dec rsi
   968 000004C6 48C7C000000000          mov rax, 0
   969                                 
   970                                 ..@16.tri2intConvert:
   971 000004CD 49C7C700000000          mov r15, 0
   972 000004D4 448A3C33                mov r15b, byte [rbx + rsi]
   973 000004D8 4180FF00                cmp r15b, NULL
   974 000004DC 743B                    je ..@16.tri2intConvertDone
   975                                 
   976 000004DE 448B0C25[00000000]      mov r9d, dword [weight]
   977 000004E6 4C89C0                  mov rax, r8
   978 000004E9 41F7E1                  mul r9d
   979 000004EC 4989C0                  mov r8, rax
   980                                 
   981                                 
   982 000004EF 4180FF61                cmp r15b, "a"
   983 000004F3 730A                    jae ..@16.lCase
   984 000004F5 4180FF41                cmp r15b, "A"
   985 000004F9 730E                    jae ..@16.uCase
   986 000004FB 4180EF30                sub r15b, "0"
   987 000004FF EB10                    jmp ..@16.charConvertDone
   988                                 
   989                                 ..@16.lCase:
   990 00000501 4180EF61                sub r15b, "a"
   991 00000505 4180C70A                add r15b, 10
   992 00000509 EB06                    jmp ..@16.charConvertDone
   993                                 
   994                                 ..@16.uCase:
   995 0000050B 4180EF41                sub r15b, "A"
   996 0000050F 4180C70A                add r15b, 10
   997                                 
   998                                 ..@16.charConvertDone:
   999 00000513 4D01F8                  add r8, r15
  1000 00000516 48FFC6                  inc rsi
  1001 00000519 EBB0                    jmp ..@16.tri2intConvert
  1002                                 
  1003                                 ..@16.tri2intConvertDone:
  1004 0000051B 44890425[00000000]      mov dword [tempNum], r8d
  1005                                 
  1006                                 
  1007                                 %line 581+1 ast06mn.asm
  1008                                 
  1009 00000523 8B0425[00000000]        mov eax, dword [tempNum]
  1010 0000052A 010425[00000000]        add dword [sum2], eax
  1011                                 
  1012 00000531 5F                      pop rdi
  1013 00000532 4883C70A                add rdi, MAX_STR_SIZE
  1014                                 
  1015 00000536 59                      pop rcx
  1016 00000537 48FFC9                  dec rcx
  1017 0000053A 4883F900                cmp rcx, 0
  1018 0000053E 0F8755FFFFFF            ja cvtLoop2
  1019                                 
  1020 00000544 8B0425[00000000]        mov eax, [sum2]
  1021                                 
  1022                                 %line 594+0 ast06mn.asm
  1023                                 
  1024                                 
  1025                                 
  1026                                 
  1027                                 
  1028                                 
  1029                                 
  1030                                 
  1031                                 
  1032                                 
  1033                                 
  1034                                 
  1035                                 
  1036                                 
  1037                                 
  1038                                 
  1039                                 
  1040                                 
  1041                                 
  1042                                 
  1043                                 
  1044                                 
  1045                                 
  1046                                 
  1047                                 
  1048                                 
  1049                                 
  1050                                 
  1051                                 
  1052                                 
  1053                                 
  1054                                 
  1055                                 
  1056                                 
  1057                                 
  1058                                 
  1059                                 
  1060                                 
  1061                                 
  1062                                 
  1063                                 
  1064                                 
  1065                                 
  1066                                 
  1067                                 
  1068                                 
  1069                                 
  1070                                 
  1071                                 
  1072                                 
  1073                                 
  1074                                 
  1075                                 
  1076                                 
  1077                                 
  1078 0000054B B90A000000              mov ecx, MAX_STR_SIZE
  1079 00000550 FFC9                    dec ecx
  1080                                 
  1081 00000552 48C7C3[00000000]        mov rbx, tempString
  1082 00000559 C6040B00                mov byte[rbx + rcx], NULL
  1083                                 
  1084 0000055D FFC9                    dec ecx
  1085                                 
  1086 0000055F 89C0                    mov eax, eax
  1087                                 
  1088                                 ..@17.convertInt:
  1089                                 
  1090 00000561 BA00000000              mov edx, 0
  1091 00000566 F73425[00000000]        div dword[weight]
  1092                                 
  1093 0000056D 83FA09                  cmp edx, 9
  1094 00000570 7600                    jbe ..@17.lessNine
  1095 00000572 EB08                    jmp ..@17.skpLN
  1096                                 ..@17.lessNine:
  1097                                 
  1098 00000574 83C230                  add edx, 0x30
  1099 00000577 88140B                  mov byte[rbx + rcx], dl
  1100 0000057A FFC9                    dec ecx
  1101 0000057C EB14                    jmp ..@17.checkDone
  1102                                 
  1103                                 ..@17.skpLN:
  1104 0000057E 83FA0C                  cmp edx, 12
  1105 00000581 7600                    jbe ..@17.lessTwelve
  1106 00000583 EB0D                    jmp ..@17.checkDone
  1107                                 ..@17.lessTwelve:
  1108                                 
  1109 00000585 2B1425[00000000]        sub edx, dword[ddTen]
  1110 0000058C 83C241                  add edx, 0x41
  1111 0000058F 88140B                  mov byte[rbx + rcx], dl
  1112 00000592 FFC9                    dec ecx
  1113                                 
  1114                                 ..@17.checkDone:
  1115 00000594 83F800                  cmp eax, 0
  1116 00000597 75C6                    jne ..@17.convertInt
  1117                                 ..@17.fillSpace:
  1118                                 
  1119 00000599 C6040B20                mov byte[rbx + rcx], SPACE
  1120 0000059D FFC9                    dec ecx
  1121 0000059F 83F900                  cmp ecx, 0
  1122 000005A2 75F3                    jne ..@17.fillSpace
  1123 000005A4 C6040B20                mov byte[rbx + rcx], SPACE
  1124                                 
  1125                                 
  1126                                 %line 595+1 ast06mn.asm
  1127                                 
  1128 000005A8 50                      push rax
  1129                                 %line 596+0 ast06mn.asm
  1130 000005A9 57                      push rdi
  1131 000005AA 56                      push rsi
  1132 000005AB 52                      push rdx
  1133 000005AC 51                      push rcx
  1134                                 
  1135 000005AD 48C7C200000000          mov rdx, 0
  1136 000005B4 48C7C7[00000000]        mov rdi, lstSum2
  1137                                 ..@18.countLoop:
  1138 000005BB 803F00                  cmp byte [rdi], NULL
  1139 000005BE 7406                    je ..@18.countLoopDone
  1140 000005C0 48FFC7                  inc rdi
  1141 000005C3 48FFC2                  inc rdx
  1142 000005C6 EBF1                    jmp ..@18.countLoop
  1143                                 ..@18.countLoopDone:
  1144                                 
  1145 000005C8 48C7C001000000          mov rax, SYS_write
  1146 000005CF 48C7C701000000          mov rdi, STDOUT
  1147 000005D6 48C7C6[00000000]        mov rsi, lstSum2
  1148 000005DD 0F05                    syscall
  1149                                 
  1150 000005DF 59                      pop rcx
  1151 000005E0 5A                      pop rdx
  1152 000005E1 5E                      pop rsi
  1153 000005E2 5F                      pop rdi
  1154 000005E3 58                      pop rax
  1155                                 %line 597+1 ast06mn.asm
  1156 000005E4 50                      push rax
  1157                                 %line 597+0 ast06mn.asm
  1158 000005E5 57                      push rdi
  1159 000005E6 56                      push rsi
  1160 000005E7 52                      push rdx
  1161 000005E8 51                      push rcx
  1162                                 
  1163 000005E9 48C7C200000000          mov rdx, 0
  1164 000005F0 48C7C7[00000000]        mov rdi, tempString
  1165                                 ..@19.countLoop:
  1166 000005F7 803F00                  cmp byte [rdi], NULL
  1167 000005FA 7406                    je ..@19.countLoopDone
  1168 000005FC 48FFC7                  inc rdi
  1169 000005FF 48FFC2                  inc rdx
  1170 00000602 EBF1                    jmp ..@19.countLoop
  1171                                 ..@19.countLoopDone:
  1172                                 
  1173 00000604 48C7C001000000          mov rax, SYS_write
  1174 0000060B 48C7C701000000          mov rdi, STDOUT
  1175 00000612 48C7C6[00000000]        mov rsi, tempString
  1176 00000619 0F05                    syscall
  1177                                 
  1178 0000061B 59                      pop rcx
  1179 0000061C 5A                      pop rdx
  1180 0000061D 5E                      pop rsi
  1181 0000061E 5F                      pop rdi
  1182 0000061F 58                      pop rax
  1183                                 %line 598+1 ast06mn.asm
  1184 00000620 50                      push rax
  1185                                 %line 598+0 ast06mn.asm
  1186 00000621 57                      push rdi
  1187 00000622 56                      push rsi
  1188 00000623 52                      push rdx
  1189 00000624 51                      push rcx
  1190                                 
  1191 00000625 48C7C200000000          mov rdx, 0
  1192 0000062C 48C7C7[00000000]        mov rdi, newline
  1193                                 ..@20.countLoop:
  1194 00000633 803F00                  cmp byte [rdi], NULL
  1195 00000636 7406                    je ..@20.countLoopDone
  1196 00000638 48FFC7                  inc rdi
  1197 0000063B 48FFC2                  inc rdx
  1198 0000063E EBF1                    jmp ..@20.countLoop
  1199                                 ..@20.countLoopDone:
  1200                                 
  1201 00000640 48C7C001000000          mov rax, SYS_write
  1202 00000647 48C7C701000000          mov rdi, STDOUT
  1203 0000064E 48C7C6[00000000]        mov rsi, newline
  1204 00000655 0F05                    syscall
  1205                                 
  1206 00000657 59                      pop rcx
  1207 00000658 5A                      pop rdx
  1208 00000659 5E                      pop rsi
  1209 0000065A 5F                      pop rdi
  1210 0000065B 58                      pop rax
  1211                                 %line 599+1 ast06mn.asm
  1212                                 
  1213                                 
  1214                                 
  1215                                 
  1216                                 
  1217                                 last:
  1218 0000065C 48C7C03C000000          mov rax, SYS_exit
  1219 00000663 48C7C300000000          mov rbx, SUCCESS
  1220 0000066A 0F05                    syscall
  1221                                 
